\BOOKMARK [1][]{toc.1}{Inhaltsverzeichnis}{}% 1
\BOOKMARK [1][]{section*.2}{Abbildungsverzeichnis}{}% 2
\BOOKMARK [1][]{section*.3}{Tabellenverzeichnis}{}% 3
\BOOKMARK [1][]{section*.4}{Script-Verzeichnis}{}% 4
\BOOKMARK [1][]{section.5}{1 Einleitung}{}% 5
\BOOKMARK [1][]{section.6}{2 Hypothesen und Versuchsaufbau}{}% 6
\BOOKMARK [2][]{subsection.7}{2.1 Hypothesen}{section.6}% 7
\BOOKMARK [2][]{subsection.8}{2.2 Versuchsaufbau}{section.6}% 8
\BOOKMARK [1][]{section.11}{3 Untersuchungsgebiete}{}% 9
\BOOKMARK [2][]{subsection.12}{3.1 Hiddenseer Boddengew\344sser \(Antje Kerkow, Caroline Lindner\)}{section.11}% 10
\BOOKMARK [3][]{subsubsection.13}{3.1.1 Vitter Bodden \(Bozena Nawka, ver\344ndert\)}{subsection.12}% 11
\BOOKMARK [3][]{subsubsection.15}{3.1.2 Griebener Bucht \(Milena Kafka, ver\344ndert\)}{subsection.12}% 12
\BOOKMARK [2][]{subsection.17}{3.2 Weitere Buchten und Bodden der s\374dlichen Deutschen Ostsee entlang des Salzgradienten}{section.11}% 13
\BOOKMARK [3][]{subsubsection.19}{3.2.1 Geltinger Bucht \(Antje Kerkow\)}{subsection.17}% 14
\BOOKMARK [3][]{subsubsection.21}{3.2.2 Orther Bucht \(Antje Kerkow\)}{subsection.17}% 15
\BOOKMARK [3][]{subsubsection.23}{3.2.3 Salzhaff \(Caroline Lindner, ver\344ndert\)}{subsection.17}% 16
\BOOKMARK [3][]{subsubsection.25}{3.2.4 Spandowerhagener Wiek \(Caroline Lindner, ver\344ndert\)}{subsection.17}% 17
\BOOKMARK [1][]{section.27}{4 Methoden}{}% 18
\BOOKMARK [2][]{subsection.28}{4.1 Vegetationskartierung}{section.27}% 19
\BOOKMARK [2][]{subsection.30}{4.2 PV und PVI}{section.27}% 20
\BOOKMARK [2][]{subsection.31}{4.3 Mittlere Wassertiefe}{section.27}% 21
\BOOKMARK [2][]{subsection.32}{4.4 Biomasse}{section.27}% 22
\BOOKMARK [2][]{subsection.33}{4.5 Sediment}{section.27}% 23
\BOOKMARK [3][]{subsubsection.34}{4.5.1 Analytik in Gel\344nde und Labor}{subsection.33}% 24
\BOOKMARK [3][]{subsubsection.35}{4.5.2 Berechnungen der Kennwerte}{subsection.33}% 25
\BOOKMARK [2][]{subsection.36}{4.6 Datenanalyse und Kartenerstellung}{section.27}% 26
\BOOKMARK [1][]{section.37}{5 Ergebnisse}{}% 27
\BOOKMARK [2][]{subsection.38}{5.1 Hiddenseer Standorte im Verlauf der Wachstumssaison}{section.37}% 28
\BOOKMARK [3][]{subsubsection.39}{5.1.1 Vegetation}{subsection.38}% 29
\BOOKMARK [3][]{subsubsection.42}{5.1.2 Sediment}{subsection.38}% 30
\BOOKMARK [3][]{subsubsection.43}{5.1.3 Biomasse}{subsection.38}% 31
\BOOKMARK [2][]{subsection.44}{5.2 Standorte entlang des Salzgradienten}{section.37}% 32
\BOOKMARK [3][]{subsubsection.45}{5.2.1 Vegetation}{subsection.44}% 33
\BOOKMARK [3][]{subsubsection.46}{5.2.2 Sediment}{subsection.44}% 34
\BOOKMARK [1][]{section.47}{6 Diskussion}{}% 35
\BOOKMARK [1][]{section.48}{7 Zusammenfassung}{}% 36
\BOOKMARK [1][]{section*.49}{Literatur}{}% 37
\BOOKMARK [1][]{section*.50}{Anhang}{}% 38
